<?xml version="1.0" encoding="UTF-8"?>
<coverage generated="1560515950445" clover="3.2.0">
  <project timestamp="1560515950446" name="All files">
    <metrics statements="87" coveredstatements="42" conditionals="73" coveredconditionals="32" methods="19" coveredmethods="12" elements="179" coveredelements="86" complexity="0" loc="87" ncloc="87" packages="1" files="3" classes="3">
      <file name="classname.js" path="/Users/zhuting03/Documents/workspace/project-test/TextareaNoScroll/src/classname.js">
        <metrics statements="22" coveredstatements="16" conditionals="23" coveredconditionals="14" methods="3" coveredmethods="2"/>
        <line num="8" count="1" type="stmt"/>
        <line num="11" count="1" type="stmt"/>
        <line num="14" count="1" type="stmt"/>
        <line num="16" count="1" type="stmt"/>
        <line num="17" count="3" type="stmt"/>
        <line num="18" count="3" type="cond" truecount="2" falsecount="0"/>
        <line num="20" count="2" type="stmt"/>
        <line num="22" count="2" type="cond" truecount="4" falsecount="0"/>
        <line num="23" count="1" type="stmt"/>
        <line num="24" count="1" type="cond" truecount="1" falsecount="1"/>
        <line num="25" count="0" type="stmt"/>
        <line num="26" count="1" type="cond" truecount="1" falsecount="1"/>
        <line num="27" count="1" type="stmt"/>
        <line num="28" count="1" type="cond" truecount="3" falsecount="1"/>
        <line num="29" count="0" type="stmt"/>
        <line num="35" count="1" type="stmt"/>
        <line num="38" count="1" type="cond" truecount="3" falsecount="1"/>
        <line num="39" count="1" type="stmt"/>
        <line num="40" count="0" type="cond" truecount="0" falsecount="5"/>
        <line num="42" count="0" type="stmt"/>
        <line num="43" count="0" type="stmt"/>
        <line num="46" count="0" type="stmt"/>
      </file>
      <file name="index.js" path="/Users/zhuting03/Documents/workspace/project-test/TextareaNoScroll/src/index.js">
        <metrics statements="55" coveredstatements="18" conditionals="34" coveredconditionals="7" methods="14" coveredmethods="8"/>
        <line num="45" count="1" type="stmt"/>
        <line num="46" count="1" type="stmt"/>
        <line num="47" count="1" type="stmt"/>
        <line num="48" count="1" type="stmt"/>
        <line num="49" count="1" type="stmt"/>
        <line num="53" count="1" type="stmt"/>
        <line num="57" count="0" type="cond" truecount="0" falsecount="2"/>
        <line num="58" count="0" type="stmt"/>
        <line num="59" count="0" type="stmt"/>
        <line num="68" count="0" type="stmt"/>
        <line num="69" count="0" type="cond" truecount="0" falsecount="2"/>
        <line num="70" count="0" type="stmt"/>
        <line num="95" count="1" type="stmt"/>
        <line num="100" count="1" type="stmt"/>
        <line num="101" count="1" type="cond" truecount="2" falsecount="0"/>
        <line num="102" count="1" type="stmt"/>
        <line num="152" count="1" type="stmt"/>
        <line num="153" count="1" type="stmt"/>
        <line num="162" count="2" type="stmt"/>
        <line num="163" count="2" type="stmt"/>
        <line num="164" count="2" type="cond" truecount="1" falsecount="1"/>
        <line num="165" count="0" type="stmt"/>
        <line num="168" count="2" type="cond" truecount="1" falsecount="1"/>
        <line num="177" count="0" type="stmt"/>
        <line num="178" count="0" type="stmt"/>
        <line num="179" count="0" type="stmt"/>
        <line num="181" count="0" type="cond" truecount="0" falsecount="2"/>
        <line num="182" count="0" type="stmt"/>
        <line num="185" count="0" type="stmt"/>
        <line num="186" count="0" type="cond" truecount="0" falsecount="2"/>
        <line num="187" count="0" type="stmt"/>
        <line num="190" count="0" type="cond" truecount="0" falsecount="4"/>
        <line num="191" count="0" type="stmt"/>
        <line num="193" count="0" type="cond" truecount="0" falsecount="4"/>
        <line num="194" count="0" type="stmt"/>
        <line num="201" count="0" type="cond" truecount="0" falsecount="4"/>
        <line num="202" count="0" type="stmt"/>
        <line num="203" count="0" type="stmt"/>
        <line num="204" count="0" type="stmt"/>
        <line num="207" count="0" type="cond" truecount="0" falsecount="2"/>
        <line num="208" count="0" type="stmt"/>
        <line num="211" count="0" type="stmt"/>
        <line num="212" count="0" type="stmt"/>
        <line num="215" count="0" type="stmt"/>
        <line num="216" count="0" type="stmt"/>
        <line num="217" count="0" type="stmt"/>
        <line num="227" count="0" type="stmt"/>
        <line num="228" count="0" type="cond" truecount="0" falsecount="2"/>
        <line num="229" count="0" type="stmt"/>
        <line num="232" count="0" type="stmt"/>
        <line num="240" count="1" type="cond" truecount="1" falsecount="1"/>
        <line num="241" count="0" type="stmt"/>
        <line num="242" count="0" type="stmt"/>
        <line num="243" count="0" type="stmt"/>
        <line num="248" count="2" type="stmt"/>
      </file>
      <file name="react-helper.js" path="/Users/zhuting03/Documents/workspace/project-test/TextareaNoScroll/src/react-helper.js">
        <metrics statements="10" coveredstatements="8" conditionals="16" coveredconditionals="11" methods="2" coveredmethods="2"/>
        <line num="9" count="1" type="cond" truecount="0" falsecount="1"/>
        <line num="11" count="5" type="cond" truecount="7" falsecount="2"/>
        <line num="15" count="0" type="stmt"/>
        <line num="19" count="5" type="cond" truecount="1" falsecount="1"/>
        <line num="20" count="0" type="stmt"/>
        <line num="23" count="5" type="cond" truecount="1" falsecount="1"/>
        <line num="24" count="5" type="cond" truecount="2" falsecount="0"/>
        <line num="25" count="5" type="stmt"/>
        <line num="29" count="1" type="stmt"/>
        <line num="94" count="46" type="stmt"/>
      </file>
    </metrics>
  </project>
</coverage>
