{"/Users/zhuting03/Documents/workspace/project-test/TextareaNoScroll/src/classname.js": {"path":"/Users/zhuting03/Documents/workspace/project-test/TextareaNoScroll/src/classname.js","statementMap":{"0":{"start":{"line":8,"column":0},"end":{"line":48,"column":5}},"1":{"start":{"line":11,"column":17},"end":{"line":11,"column":34}},"2":{"start":{"line":14,"column":22},"end":{"line":14,"column":24}},"3":{"start":{"line":16,"column":8},"end":{"line":33,"column":9}},"4":{"start":{"line":17,"column":22},"end":{"line":17,"column":34}},"5":{"start":{"line":18,"column":12},"end":{"line":18,"column":31}},"6":{"start":{"line":18,"column":22},"end":{"line":18,"column":31}},"7":{"start":{"line":20,"column":26},"end":{"line":20,"column":36}},"8":{"start":{"line":22,"column":12},"end":{"line":32,"column":13}},"9":{"start":{"line":23,"column":16},"end":{"line":23,"column":34}},"10":{"start":{"line":24,"column":19},"end":{"line":32,"column":13}},"11":{"start":{"line":25,"column":16},"end":{"line":25,"column":58}},"12":{"start":{"line":26,"column":19},"end":{"line":32,"column":13}},"13":{"start":{"line":27,"column":16},"end":{"line":31,"column":17}},"14":{"start":{"line":28,"column":20},"end":{"line":30,"column":21}},"15":{"start":{"line":29,"column":24},"end":{"line":29,"column":42}},"16":{"start":{"line":35,"column":8},"end":{"line":35,"column":33}},"17":{"start":{"line":38,"column":4},"end":{"line":47,"column":5}},"18":{"start":{"line":39,"column":8},"end":{"line":39,"column":36}},"19":{"start":{"line":40,"column":11},"end":{"line":47,"column":5}},"20":{"start":{"line":42,"column":8},"end":{"line":44,"column":11}},"21":{"start":{"line":43,"column":12},"end":{"line":43,"column":30}},"22":{"start":{"line":46,"column":8},"end":{"line":46,"column":39}}},"fnMap":{"0":{"name":"(anonymous_0)","decl":{"start":{"line":8,"column":1},"end":{"line":8,"column":2}},"loc":{"start":{"line":8,"column":13},"end":{"line":48,"column":1}},"line":8},"1":{"name":"classNames","decl":{"start":{"line":13,"column":13},"end":{"line":13,"column":23}},"loc":{"start":{"line":13,"column":27},"end":{"line":36,"column":5}},"line":13},"2":{"name":"(anonymous_2)","decl":{"start":{"line":42,"column":33},"end":{"line":42,"column":34}},"loc":{"start":{"line":42,"column":45},"end":{"line":44,"column":9}},"line":42}},"branchMap":{"0":{"loc":{"start":{"line":18,"column":12},"end":{"line":18,"column":31}},"type":"if","locations":[{"start":{"line":18,"column":12},"end":{"line":18,"column":31}},{"start":{"line":18,"column":12},"end":{"line":18,"column":31}}],"line":18},"1":{"loc":{"start":{"line":22,"column":12},"end":{"line":32,"column":13}},"type":"if","locations":[{"start":{"line":22,"column":12},"end":{"line":32,"column":13}},{"start":{"line":22,"column":12},"end":{"line":32,"column":13}}],"line":22},"2":{"loc":{"start":{"line":22,"column":16},"end":{"line":22,"column":60}},"type":"binary-expr","locations":[{"start":{"line":22,"column":16},"end":{"line":22,"column":36}},{"start":{"line":22,"column":40},"end":{"line":22,"column":60}}],"line":22},"3":{"loc":{"start":{"line":24,"column":19},"end":{"line":32,"column":13}},"type":"if","locations":[{"start":{"line":24,"column":19},"end":{"line":32,"column":13}},{"start":{"line":24,"column":19},"end":{"line":32,"column":13}}],"line":24},"4":{"loc":{"start":{"line":26,"column":19},"end":{"line":32,"column":13}},"type":"if","locations":[{"start":{"line":26,"column":19},"end":{"line":32,"column":13}},{"start":{"line":26,"column":19},"end":{"line":32,"column":13}}],"line":26},"5":{"loc":{"start":{"line":28,"column":20},"end":{"line":30,"column":21}},"type":"if","locations":[{"start":{"line":28,"column":20},"end":{"line":30,"column":21}},{"start":{"line":28,"column":20},"end":{"line":30,"column":21}}],"line":28},"6":{"loc":{"start":{"line":28,"column":24},"end":{"line":28,"column":57}},"type":"binary-expr","locations":[{"start":{"line":28,"column":24},"end":{"line":28,"column":45}},{"start":{"line":28,"column":49},"end":{"line":28,"column":57}}],"line":28},"7":{"loc":{"start":{"line":38,"column":4},"end":{"line":47,"column":5}},"type":"if","locations":[{"start":{"line":38,"column":4},"end":{"line":47,"column":5}},{"start":{"line":38,"column":4},"end":{"line":47,"column":5}}],"line":38},"8":{"loc":{"start":{"line":38,"column":8},"end":{"line":38,"column":55}},"type":"binary-expr","locations":[{"start":{"line":38,"column":8},"end":{"line":38,"column":37}},{"start":{"line":38,"column":41},"end":{"line":38,"column":55}}],"line":38},"9":{"loc":{"start":{"line":40,"column":11},"end":{"line":47,"column":5}},"type":"if","locations":[{"start":{"line":40,"column":11},"end":{"line":47,"column":5}},{"start":{"line":40,"column":11},"end":{"line":47,"column":5}}],"line":40},"10":{"loc":{"start":{"line":40,"column":15},"end":{"line":40,"column":91}},"type":"binary-expr","locations":[{"start":{"line":40,"column":15},"end":{"line":40,"column":43}},{"start":{"line":40,"column":47},"end":{"line":40,"column":77}},{"start":{"line":40,"column":81},"end":{"line":40,"column":91}}],"line":40}},"s":{"0":1,"1":1,"2":1,"3":1,"4":3,"5":3,"6":1,"7":2,"8":2,"9":1,"10":1,"11":0,"12":1,"13":1,"14":1,"15":0,"16":1,"17":1,"18":1,"19":0,"20":0,"21":0,"22":0},"f":{"0":1,"1":1,"2":0},"b":{"0":[1,2],"1":[1,1],"2":[2,1],"3":[0,1],"4":[1,0],"5":[0,1],"6":[1,1],"7":[1,0],"8":[1,1],"9":[0,0],"10":[0,0,0]},"_coverageSchema":"332fd63041d2c1bcb487cc26dd0d5f7d97098a6c","hash":"10da1f2f31b18bda362f867333802d2d456513d8"}
,"/Users/zhuting03/Documents/workspace/project-test/TextareaNoScroll/src/index.js": {"path":"/Users/zhuting03/Documents/workspace/project-test/TextareaNoScroll/src/index.js","statementMap":{"0":{"start":{"line":45,"column":8},"end":{"line":45,"column":21}},"1":{"start":{"line":46,"column":8},"end":{"line":46,"column":47}},"2":{"start":{"line":47,"column":8},"end":{"line":47,"column":57}},"3":{"start":{"line":48,"column":8},"end":{"line":48,"column":45}},"4":{"start":{"line":49,"column":8},"end":{"line":49,"column":39}},"5":{"start":{"line":53,"column":8},"end":{"line":53,"column":22}},"6":{"start":{"line":57,"column":8},"end":{"line":60,"column":9}},"7":{"start":{"line":58,"column":12},"end":{"line":58,"column":33}},"8":{"start":{"line":59,"column":12},"end":{"line":59,"column":26}},"9":{"start":{"line":68,"column":8},"end":{"line":68,"column":28}},"10":{"start":{"line":69,"column":8},"end":{"line":71,"column":9}},"11":{"start":{"line":70,"column":12},"end":{"line":70,"column":37}},"12":{"start":{"line":95,"column":12},"end":{"line":95,"column":22}},"13":{"start":{"line":100,"column":12},"end":{"line":100,"column":22}},"14":{"start":{"line":101,"column":30},"end":{"line":101,"column":78}},"15":{"start":{"line":102,"column":8},"end":{"line":148,"column":10}},"16":{"start":{"line":152,"column":28},"end":{"line":152,"column":38}},"17":{"start":{"line":153,"column":8},"end":{"line":158,"column":10}},"18":{"start":{"line":162,"column":35},"end":{"line":162,"column":45}},"19":{"start":{"line":163,"column":22},"end":{"line":163,"column":38}},"20":{"start":{"line":164,"column":8},"end":{"line":166,"column":9}},"21":{"start":{"line":165,"column":12},"end":{"line":165,"column":22}},"22":{"start":{"line":168,"column":8},"end":{"line":168,"column":44}},"23":{"start":{"line":177,"column":12},"end":{"line":177,"column":16}},"24":{"start":{"line":178,"column":24},"end":{"line":178,"column":29}},"25":{"start":{"line":179,"column":42},"end":{"line":179,"column":47}},"26":{"start":{"line":181,"column":8},"end":{"line":183,"column":9}},"27":{"start":{"line":182,"column":12},"end":{"line":182,"column":19}},"28":{"start":{"line":185,"column":19},"end":{"line":185,"column":31}},"29":{"start":{"line":186,"column":8},"end":{"line":188,"column":9}},"30":{"start":{"line":187,"column":12},"end":{"line":187,"column":39}},"31":{"start":{"line":190,"column":8},"end":{"line":219,"column":9}},"32":{"start":{"line":191,"column":31},"end":{"line":191,"column":91}},"33":{"start":{"line":193,"column":12},"end":{"line":218,"column":13}},"34":{"start":{"line":194,"column":16},"end":{"line":200,"column":19}},"35":{"start":{"line":201,"column":16},"end":{"line":205,"column":17}},"36":{"start":{"line":202,"column":20},"end":{"line":202,"column":48}},"37":{"start":{"line":203,"column":20},"end":{"line":203,"column":52}},"38":{"start":{"line":204,"column":20},"end":{"line":204,"column":27}},"39":{"start":{"line":207,"column":16},"end":{"line":209,"column":17}},"40":{"start":{"line":208,"column":20},"end":{"line":208,"column":27}},"41":{"start":{"line":211,"column":16},"end":{"line":213,"column":25}},"42":{"start":{"line":212,"column":20},"end":{"line":212,"column":57}},"43":{"start":{"line":215,"column":16},"end":{"line":215,"column":67}},"44":{"start":{"line":216,"column":16},"end":{"line":216,"column":44}},"45":{"start":{"line":217,"column":16},"end":{"line":217,"column":48}},"46":{"start":{"line":227,"column":27},"end":{"line":227,"column":37}},"47":{"start":{"line":228,"column":8},"end":{"line":235,"column":9}},"48":{"start":{"line":229,"column":12},"end":{"line":229,"column":24}},"49":{"start":{"line":232,"column":12},"end":{"line":234,"column":15}},"50":{"start":{"line":240,"column":8},"end":{"line":244,"column":9}},"51":{"start":{"line":241,"column":12},"end":{"line":241,"column":48}},"52":{"start":{"line":242,"column":31},"end":{"line":242,"column":57}},"53":{"start":{"line":243,"column":12},"end":{"line":243,"column":59}},"54":{"start":{"line":248,"column":8},"end":{"line":248,"column":52}}},"fnMap":{"0":{"name":"(anonymous_0)","decl":{"start":{"line":40,"column":4},"end":{"line":40,"column":5}},"loc":{"start":{"line":40,"column":25},"end":{"line":42,"column":5}},"line":40},"1":{"name":"(anonymous_1)","decl":{"start":{"line":44,"column":4},"end":{"line":44,"column":5}},"loc":{"start":{"line":44,"column":23},"end":{"line":50,"column":5}},"line":44},"2":{"name":"(anonymous_2)","decl":{"start":{"line":52,"column":4},"end":{"line":52,"column":5}},"loc":{"start":{"line":52,"column":24},"end":{"line":54,"column":5}},"line":52},"3":{"name":"(anonymous_3)","decl":{"start":{"line":56,"column":4},"end":{"line":56,"column":5}},"loc":{"start":{"line":56,"column":45},"end":{"line":61,"column":5}},"line":56},"4":{"name":"(anonymous_4)","decl":{"start":{"line":63,"column":4},"end":{"line":63,"column":5}},"loc":{"start":{"line":63,"column":27},"end":{"line":65,"column":5}},"line":63},"5":{"name":"(anonymous_5)","decl":{"start":{"line":67,"column":4},"end":{"line":67,"column":5}},"loc":{"start":{"line":67,"column":17},"end":{"line":72,"column":5}},"line":67},"6":{"name":"(anonymous_6)","decl":{"start":{"line":88,"column":4},"end":{"line":88,"column":5}},"loc":{"start":{"line":89,"column":13},"end":{"line":149,"column":5}},"line":89},"7":{"name":"(anonymous_7)","decl":{"start":{"line":151,"column":4},"end":{"line":151,"column":5}},"loc":{"start":{"line":151,"column":23},"end":{"line":159,"column":5}},"line":151},"8":{"name":"(anonymous_8)","decl":{"start":{"line":161,"column":4},"end":{"line":161,"column":5}},"loc":{"start":{"line":161,"column":20},"end":{"line":169,"column":5}},"line":161},"9":{"name":"(anonymous_9)","decl":{"start":{"line":171,"column":4},"end":{"line":171,"column":5}},"loc":{"start":{"line":171,"column":20},"end":{"line":220,"column":5}},"line":171},"10":{"name":"(anonymous_10)","decl":{"start":{"line":211,"column":51},"end":{"line":211,"column":52}},"loc":{"start":{"line":211,"column":57},"end":{"line":213,"column":17}},"line":211},"11":{"name":"(anonymous_11)","decl":{"start":{"line":226,"column":19},"end":{"line":226,"column":20}},"loc":{"start":{"line":226,"column":24},"end":{"line":236,"column":5}},"line":226},"12":{"name":"(anonymous_12)","decl":{"start":{"line":239,"column":4},"end":{"line":239,"column":5}},"loc":{"start":{"line":239,"column":13},"end":{"line":245,"column":5}},"line":239},"13":{"name":"(anonymous_13)","decl":{"start":{"line":247,"column":4},"end":{"line":247,"column":5}},"loc":{"start":{"line":247,"column":20},"end":{"line":249,"column":5}},"line":247}},"branchMap":{"0":{"loc":{"start":{"line":57,"column":8},"end":{"line":60,"column":9}},"type":"if","locations":[{"start":{"line":57,"column":8},"end":{"line":60,"column":9}},{"start":{"line":57,"column":8},"end":{"line":60,"column":9}}],"line":57},"1":{"loc":{"start":{"line":69,"column":8},"end":{"line":71,"column":9}},"type":"if","locations":[{"start":{"line":69,"column":8},"end":{"line":71,"column":9}},{"start":{"line":69,"column":8},"end":{"line":71,"column":9}}],"line":69},"2":{"loc":{"start":{"line":101,"column":30},"end":{"line":101,"column":78}},"type":"binary-expr","locations":[{"start":{"line":101,"column":30},"end":{"line":101,"column":46}},{"start":{"line":101,"column":50},"end":{"line":101,"column":78}}],"line":101},"3":{"loc":{"start":{"line":147,"column":12},"end":{"line":147,"column":54}},"type":"binary-expr","locations":[{"start":{"line":147,"column":12},"end":{"line":147,"column":27}},{"start":{"line":147,"column":31},"end":{"line":147,"column":54}}],"line":147},"4":{"loc":{"start":{"line":164,"column":8},"end":{"line":166,"column":9}},"type":"if","locations":[{"start":{"line":164,"column":8},"end":{"line":166,"column":9}},{"start":{"line":164,"column":8},"end":{"line":166,"column":9}}],"line":164},"5":{"loc":{"start":{"line":168,"column":24},"end":{"line":168,"column":35}},"type":"binary-expr","locations":[{"start":{"line":168,"column":24},"end":{"line":168,"column":29}},{"start":{"line":168,"column":33},"end":{"line":168,"column":35}}],"line":168},"6":{"loc":{"start":{"line":181,"column":8},"end":{"line":183,"column":9}},"type":"if","locations":[{"start":{"line":181,"column":8},"end":{"line":183,"column":9}},{"start":{"line":181,"column":8},"end":{"line":183,"column":9}}],"line":181},"7":{"loc":{"start":{"line":186,"column":8},"end":{"line":188,"column":9}},"type":"if","locations":[{"start":{"line":186,"column":8},"end":{"line":188,"column":9}},{"start":{"line":186,"column":8},"end":{"line":188,"column":9}}],"line":186},"8":{"loc":{"start":{"line":190,"column":8},"end":{"line":219,"column":9}},"type":"if","locations":[{"start":{"line":190,"column":8},"end":{"line":219,"column":9}},{"start":{"line":190,"column":8},"end":{"line":219,"column":9}}],"line":190},"9":{"loc":{"start":{"line":190,"column":12},"end":{"line":190,"column":28}},"type":"binary-expr","locations":[{"start":{"line":190,"column":12},"end":{"line":190,"column":20}},{"start":{"line":190,"column":24},"end":{"line":190,"column":28}}],"line":190},"10":{"loc":{"start":{"line":193,"column":12},"end":{"line":218,"column":13}},"type":"if","locations":[{"start":{"line":193,"column":12},"end":{"line":218,"column":13}},{"start":{"line":193,"column":12},"end":{"line":218,"column":13}}],"line":193},"11":{"loc":{"start":{"line":193,"column":16},"end":{"line":193,"column":50}},"type":"binary-expr","locations":[{"start":{"line":193,"column":16},"end":{"line":193,"column":27}},{"start":{"line":193,"column":31},"end":{"line":193,"column":50}}],"line":193},"12":{"loc":{"start":{"line":201,"column":16},"end":{"line":205,"column":17}},"type":"if","locations":[{"start":{"line":201,"column":16},"end":{"line":205,"column":17}},{"start":{"line":201,"column":16},"end":{"line":205,"column":17}}],"line":201},"13":{"loc":{"start":{"line":201,"column":20},"end":{"line":201,"column":76}},"type":"binary-expr","locations":[{"start":{"line":201,"column":20},"end":{"line":201,"column":43}},{"start":{"line":201,"column":47},"end":{"line":201,"column":76}}],"line":201},"14":{"loc":{"start":{"line":207,"column":16},"end":{"line":209,"column":17}},"type":"if","locations":[{"start":{"line":207,"column":16},"end":{"line":209,"column":17}},{"start":{"line":207,"column":16},"end":{"line":209,"column":17}}],"line":207},"15":{"loc":{"start":{"line":228,"column":8},"end":{"line":235,"column":9}},"type":"if","locations":[{"start":{"line":228,"column":8},"end":{"line":235,"column":9}},{"start":{"line":228,"column":8},"end":{"line":235,"column":9}}],"line":228},"16":{"loc":{"start":{"line":240,"column":8},"end":{"line":244,"column":9}},"type":"if","locations":[{"start":{"line":240,"column":8},"end":{"line":244,"column":9}},{"start":{"line":240,"column":8},"end":{"line":244,"column":9}}],"line":240}},"s":{"0":1,"1":1,"2":1,"3":1,"4":1,"5":1,"6":0,"7":0,"8":0,"9":0,"10":0,"11":0,"12":1,"13":1,"14":1,"15":1,"16":1,"17":1,"18":2,"19":2,"20":2,"21":0,"22":2,"23":0,"24":0,"25":0,"26":0,"27":0,"28":0,"29":0,"30":0,"31":0,"32":0,"33":0,"34":0,"35":0,"36":0,"37":0,"38":0,"39":0,"40":0,"41":0,"42":0,"43":0,"44":0,"45":0,"46":0,"47":0,"48":0,"49":0,"50":1,"51":0,"52":0,"53":0,"54":2},"f":{"0":1,"1":1,"2":1,"3":0,"4":0,"5":0,"6":1,"7":1,"8":2,"9":0,"10":0,"11":0,"12":1,"13":2},"b":{"0":[0,0],"1":[0,0],"2":[1,1],"3":[1,1],"4":[0,2],"5":[2,0],"6":[0,0],"7":[0,0],"8":[0,0],"9":[0,0],"10":[0,0],"11":[0,0],"12":[0,0],"13":[0,0],"14":[0,0],"15":[0,0],"16":[0,1]},"_coverageSchema":"332fd63041d2c1bcb487cc26dd0d5f7d97098a6c","hash":"0863a1df4548323079cb6c92f0bee43506f74809"}
,"/Users/zhuting03/Documents/workspace/project-test/TextareaNoScroll/src/react-helper.js": {"path":"/Users/zhuting03/Documents/workspace/project-test/TextareaNoScroll/src/react-helper.js","statementMap":{"0":{"start":{"line":9,"column":15},"end":{"line":27,"column":1}},"1":{"start":{"line":11,"column":8},"end":{"line":16,"column":9}},"2":{"start":{"line":15,"column":12},"end":{"line":15,"column":160}},"3":{"start":{"line":19,"column":4},"end":{"line":26,"column":5}},"4":{"start":{"line":20,"column":8},"end":{"line":20,"column":77}},"5":{"start":{"line":23,"column":8},"end":{"line":23,"column":28}},"6":{"start":{"line":24,"column":8},"end":{"line":24,"column":62}},"7":{"start":{"line":25,"column":8},"end":{"line":25,"column":58}},"8":{"start":{"line":29,"column":0},"end":{"line":95,"column":3}},"9":{"start":{"line":94,"column":4},"end":{"line":94,"column":41}}},"fnMap":{"0":{"name":"(anonymous_0)","decl":{"start":{"line":9,"column":15},"end":{"line":9,"column":16}},"loc":{"start":{"line":9,"column":85},"end":{"line":27,"column":1}},"line":9},"1":{"name":"(anonymous_1)","decl":{"start":{"line":93,"column":10},"end":{"line":93,"column":11}},"loc":{"start":{"line":93,"column":17},"end":{"line":95,"column":1}},"line":93}},"branchMap":{"0":{"loc":{"start":{"line":9,"column":54},"end":{"line":9,"column":71}},"type":"default-arg","locations":[{"start":{"line":9,"column":62},"end":{"line":9,"column":71}}],"line":9},"1":{"loc":{"start":{"line":11,"column":8},"end":{"line":16,"column":9}},"type":"if","locations":[{"start":{"line":11,"column":8},"end":{"line":16,"column":9}},{"start":{"line":11,"column":8},"end":{"line":16,"column":9}}],"line":11},"2":{"loc":{"start":{"line":11,"column":12},"end":{"line":13,"column":81}},"type":"binary-expr","locations":[{"start":{"line":11,"column":13},"end":{"line":11,"column":29}},{"start":{"line":11,"column":33},"end":{"line":11,"column":58}},{"start":{"line":12,"column":16},"end":{"line":12,"column":52}},{"start":{"line":13,"column":16},"end":{"line":13,"column":21}},{"start":{"line":13,"column":25},"end":{"line":13,"column":39}},{"start":{"line":13,"column":44},"end":{"line":13,"column":69}},{"start":{"line":13,"column":73},"end":{"line":13,"column":78}}],"line":11},"3":{"loc":{"start":{"line":19,"column":4},"end":{"line":26,"column":5}},"type":"if","locations":[{"start":{"line":19,"column":4},"end":{"line":26,"column":5}},{"start":{"line":19,"column":4},"end":{"line":26,"column":5}}],"line":19},"4":{"loc":{"start":{"line":23,"column":16},"end":{"line":23,"column":27}},"type":"binary-expr","locations":[{"start":{"line":23,"column":16},"end":{"line":23,"column":21}},{"start":{"line":23,"column":25},"end":{"line":23,"column":27}}],"line":23},"5":{"loc":{"start":{"line":24,"column":26},"end":{"line":24,"column":61}},"type":"binary-expr","locations":[{"start":{"line":24,"column":26},"end":{"line":24,"column":41}},{"start":{"line":24,"column":45},"end":{"line":24,"column":61}}],"line":24}},"s":{"0":1,"1":5,"2":0,"3":5,"4":0,"5":5,"6":5,"7":5,"8":1,"9":46},"f":{"0":5,"1":46},"b":{"0":[0],"1":[0,5],"2":[5,5,5,5,5,5,0],"3":[0,5],"4":[5,0],"5":[5,5]},"_coverageSchema":"332fd63041d2c1bcb487cc26dd0d5f7d97098a6c","hash":"8468da39ed52849924736a2c6d8c16674e795d2c"}
}
