TN:
SF:/Users/zhuting03/Documents/workspace/project-test/TextareaNoScroll/src/classname.js
FN:8,(anonymous_0)
FN:13,classNames
FN:42,(anonymous_2)
FNF:3
FNH:2
FNDA:1,(anonymous_0)
FNDA:3,classNames
FNDA:0,(anonymous_2)
DA:8,1
DA:11,1
DA:14,3
DA:16,3
DA:17,9
DA:18,9
DA:20,6
DA:22,6
DA:23,3
DA:24,3
DA:25,0
DA:26,3
DA:27,3
DA:28,3
DA:29,0
DA:35,3
DA:38,1
DA:39,1
DA:40,0
DA:42,0
DA:43,0
DA:46,0
LF:22
LH:16
BRDA:18,0,0,3
BRDA:18,0,1,6
BRDA:22,1,0,3
BRDA:22,1,1,3
BRDA:22,2,0,6
BRDA:22,2,1,3
BRDA:24,3,0,0
BRDA:24,3,1,3
BRDA:26,4,0,3
BRDA:26,4,1,0
BRDA:28,5,0,0
BRDA:28,5,1,3
BRDA:28,6,0,3
BRDA:28,6,1,3
BRDA:38,7,0,1
BRDA:38,7,1,0
BRDA:38,8,0,1
BRDA:38,8,1,1
BRDA:40,9,0,0
BRDA:40,9,1,0
BRDA:40,10,0,0
BRDA:40,10,1,0
BRDA:40,10,2,0
BRF:23
BRH:14
end_of_record
TN:
SF:/Users/zhuting03/Documents/workspace/project-test/TextareaNoScroll/src/index.js
FN:39,(anonymous_0)
FN:43,(anonymous_1)
FN:51,(anonymous_2)
FN:55,(anonymous_3)
FN:62,(anonymous_4)
FN:66,(anonymous_5)
FN:87,(anonymous_6)
FN:150,(anonymous_7)
FN:160,(anonymous_8)
FN:170,(anonymous_9)
FN:210,(anonymous_10)
FN:225,(anonymous_11)
FN:238,(anonymous_12)
FN:246,(anonymous_13)
FNF:14
FNH:9
FNDA:3,(anonymous_0)
FNDA:3,(anonymous_1)
FNDA:3,(anonymous_2)
FNDA:0,(anonymous_3)
FNDA:0,(anonymous_4)
FNDA:0,(anonymous_5)
FNDA:3,(anonymous_6)
FNDA:3,(anonymous_7)
FNDA:6,(anonymous_8)
FNDA:0,(anonymous_9)
FNDA:0,(anonymous_10)
FNDA:1,(anonymous_11)
FNDA:3,(anonymous_12)
FNDA:6,(anonymous_13)
DA:44,3
DA:45,3
DA:46,3
DA:47,3
DA:48,3
DA:52,3
DA:56,0
DA:57,0
DA:58,0
DA:67,0
DA:68,0
DA:69,0
DA:94,3
DA:99,3
DA:100,3
DA:101,3
DA:151,3
DA:152,3
DA:161,6
DA:162,6
DA:163,6
DA:164,0
DA:167,6
DA:176,0
DA:177,0
DA:178,0
DA:180,0
DA:181,0
DA:184,0
DA:185,0
DA:186,0
DA:189,0
DA:190,0
DA:192,0
DA:193,0
DA:200,0
DA:201,0
DA:202,0
DA:203,0
DA:206,0
DA:207,0
DA:210,0
DA:211,0
DA:214,0
DA:215,0
DA:216,0
DA:226,1
DA:227,1
DA:228,1
DA:231,0
DA:239,3
DA:240,0
DA:241,0
DA:242,0
DA:247,6
LF:55
LH:21
BRDA:56,0,0,0
BRDA:56,0,1,0
BRDA:68,1,0,0
BRDA:68,1,1,0
BRDA:100,2,0,3
BRDA:100,2,1,3
BRDA:146,3,0,3
BRDA:146,3,1,3
BRDA:163,4,0,0
BRDA:163,4,1,6
BRDA:167,5,0,6
BRDA:167,5,1,4
BRDA:180,6,0,0
BRDA:180,6,1,0
BRDA:185,7,0,0
BRDA:185,7,1,0
BRDA:189,8,0,0
BRDA:189,8,1,0
BRDA:189,9,0,0
BRDA:189,9,1,0
BRDA:192,10,0,0
BRDA:192,10,1,0
BRDA:192,11,0,0
BRDA:192,11,1,0
BRDA:200,12,0,0
BRDA:200,12,1,0
BRDA:200,13,0,0
BRDA:200,13,1,0
BRDA:206,14,0,0
BRDA:206,14,1,0
BRDA:227,15,0,1
BRDA:227,15,1,0
BRDA:239,16,0,0
BRDA:239,16,1,3
BRF:34
BRH:9
end_of_record
TN:
SF:/Users/zhuting03/Documents/workspace/project-test/TextareaNoScroll/src/react-helper.js
FN:9,(anonymous_0)
FN:93,(anonymous_1)
FNF:2
FNH:2
FNDA:15,(anonymous_0)
FNDA:46,(anonymous_1)
DA:9,1
DA:11,15
DA:15,0
DA:19,15
DA:20,0
DA:23,15
DA:24,15
DA:25,15
DA:29,1
DA:94,46
LF:10
LH:8
BRDA:9,0,0,0
BRDA:11,1,0,0
BRDA:11,1,1,15
BRDA:11,2,0,15
BRDA:11,2,1,15
BRDA:11,2,2,15
BRDA:11,2,3,15
BRDA:11,2,4,15
BRDA:11,2,5,15
BRDA:11,2,6,0
BRDA:19,3,0,0
BRDA:19,3,1,15
BRDA:23,4,0,15
BRDA:23,4,1,0
BRDA:24,5,0,15
BRDA:24,5,1,15
BRF:16
BRH:11
end_of_record
