TN:
SF:/Users/zhuting03/Documents/workspace/project-test/TextareaNoScroll/src/classname.js
FN:8,(anonymous_0)
FN:13,classNames
FN:42,(anonymous_2)
FNF:3
FNH:2
FNDA:1,(anonymous_0)
FNDA:1,classNames
FNDA:0,(anonymous_2)
DA:8,1
DA:11,1
DA:14,1
DA:16,1
DA:17,3
DA:18,3
DA:20,2
DA:22,2
DA:23,1
DA:24,1
DA:25,0
DA:26,1
DA:27,1
DA:28,1
DA:29,0
DA:35,1
DA:38,1
DA:39,1
DA:40,0
DA:42,0
DA:43,0
DA:46,0
LF:22
LH:16
BRDA:18,0,0,1
BRDA:18,0,1,2
BRDA:22,1,0,1
BRDA:22,1,1,1
BRDA:22,2,0,2
BRDA:22,2,1,1
BRDA:24,3,0,0
BRDA:24,3,1,1
BRDA:26,4,0,1
BRDA:26,4,1,0
BRDA:28,5,0,0
BRDA:28,5,1,1
BRDA:28,6,0,1
BRDA:28,6,1,1
BRDA:38,7,0,1
BRDA:38,7,1,0
BRDA:38,8,0,1
BRDA:38,8,1,1
BRDA:40,9,0,0
BRDA:40,9,1,0
BRDA:40,10,0,0
BRDA:40,10,1,0
BRDA:40,10,2,0
BRF:23
BRH:14
end_of_record
TN:
SF:/Users/zhuting03/Documents/workspace/project-test/TextareaNoScroll/src/index.js
FN:40,(anonymous_0)
FN:44,(anonymous_1)
FN:52,(anonymous_2)
FN:56,(anonymous_3)
FN:63,(anonymous_4)
FN:67,(anonymous_5)
FN:88,(anonymous_6)
FN:151,(anonymous_7)
FN:161,(anonymous_8)
FN:171,(anonymous_9)
FN:211,(anonymous_10)
FN:226,(anonymous_11)
FN:239,(anonymous_12)
FN:247,(anonymous_13)
FNF:14
FNH:8
FNDA:1,(anonymous_0)
FNDA:1,(anonymous_1)
FNDA:1,(anonymous_2)
FNDA:0,(anonymous_3)
FNDA:0,(anonymous_4)
FNDA:0,(anonymous_5)
FNDA:1,(anonymous_6)
FNDA:1,(anonymous_7)
FNDA:2,(anonymous_8)
FNDA:0,(anonymous_9)
FNDA:0,(anonymous_10)
FNDA:0,(anonymous_11)
FNDA:1,(anonymous_12)
FNDA:2,(anonymous_13)
DA:45,1
DA:46,1
DA:47,1
DA:48,1
DA:49,1
DA:53,1
DA:57,0
DA:58,0
DA:59,0
DA:68,0
DA:69,0
DA:70,0
DA:95,1
DA:100,1
DA:101,1
DA:102,1
DA:152,1
DA:153,1
DA:162,2
DA:163,2
DA:164,2
DA:165,0
DA:168,2
DA:177,0
DA:178,0
DA:179,0
DA:181,0
DA:182,0
DA:185,0
DA:186,0
DA:187,0
DA:190,0
DA:191,0
DA:193,0
DA:194,0
DA:201,0
DA:202,0
DA:203,0
DA:204,0
DA:207,0
DA:208,0
DA:211,0
DA:212,0
DA:215,0
DA:216,0
DA:217,0
DA:227,0
DA:228,0
DA:229,0
DA:232,0
DA:240,1
DA:241,0
DA:242,0
DA:243,0
DA:248,2
LF:55
LH:18
BRDA:57,0,0,0
BRDA:57,0,1,0
BRDA:69,1,0,0
BRDA:69,1,1,0
BRDA:101,2,0,1
BRDA:101,2,1,1
BRDA:147,3,0,1
BRDA:147,3,1,1
BRDA:164,4,0,0
BRDA:164,4,1,2
BRDA:168,5,0,2
BRDA:168,5,1,0
BRDA:181,6,0,0
BRDA:181,6,1,0
BRDA:186,7,0,0
BRDA:186,7,1,0
BRDA:190,8,0,0
BRDA:190,8,1,0
BRDA:190,9,0,0
BRDA:190,9,1,0
BRDA:193,10,0,0
BRDA:193,10,1,0
BRDA:193,11,0,0
BRDA:193,11,1,0
BRDA:201,12,0,0
BRDA:201,12,1,0
BRDA:201,13,0,0
BRDA:201,13,1,0
BRDA:207,14,0,0
BRDA:207,14,1,0
BRDA:228,15,0,0
BRDA:228,15,1,0
BRDA:240,16,0,0
BRDA:240,16,1,1
BRF:34
BRH:7
end_of_record
TN:
SF:/Users/zhuting03/Documents/workspace/project-test/TextareaNoScroll/src/react-helper.js
FN:9,(anonymous_0)
FN:93,(anonymous_1)
FNF:2
FNH:2
FNDA:5,(anonymous_0)
FNDA:46,(anonymous_1)
DA:9,1
DA:11,5
DA:15,0
DA:19,5
DA:20,0
DA:23,5
DA:24,5
DA:25,5
DA:29,1
DA:94,46
LF:10
LH:8
BRDA:9,0,0,0
BRDA:11,1,0,0
BRDA:11,1,1,5
BRDA:11,2,0,5
BRDA:11,2,1,5
BRDA:11,2,2,5
BRDA:11,2,3,5
BRDA:11,2,4,5
BRDA:11,2,5,5
BRDA:11,2,6,0
BRDA:19,3,0,0
BRDA:19,3,1,5
BRDA:23,4,0,5
BRDA:23,4,1,0
BRDA:24,5,0,5
BRDA:24,5,1,5
BRF:16
BRH:11
end_of_record
